d 4 1
d 3 1
d 4 2
d 4 3
d 4 4
d 4 5
d 4 6
d 4 7
d 4 8
d 4 9
d 4 10
d 4 11
d 4 12
d 4 13
d 4 14
d 4 15
d 4 16
d 4 17
d 4 18
d 4 19
d 4 20
d 4 21
d 4 22
d 4 23
d 4 24
d 4 25
d 4 26
d 4 27
d 4 28
d 4 29
d 4 30
d 4 31
d 3 2
d 4 32
d 4 33
d 4 34
d 4 35
d 3 3
d 3 4
d 3 5
d 4 36
d 3 6
d 4 37
d 3 7
d 4 38
d 4 39
d 3 8
d 4 40
d 2 1
d 4 41
d 3 9
d 4 42
d 3 10
d 4 43
d 2 2
d 2 3
d 3 11
d 4 44
d 2 4
d 2 5
d 4 45
d 2 6
d 2 7
d 2 8
d 2 9
d 2 10
d 3 12
d 2 11
d 4 46
d 2 12
d 2 13
d 2 14
d 3 13
d 2 15
d 4 47
d 2 16
d 2 17
d 2 18
d 2 19
d 2 20
d 2 21
d 2 22
d 2 23
d 3 14
d 4 48
d 3 15
d 3 16
d 2 24
d 3 17
d 3 18
d 3 19
d 3 20
d 2 25
d 3 21
d 5 1
d 3 22
d 3 23
d 5 2
d 3 24
d 4 49
d 2 26
d 3 25
d 5 3
d 5 4
d 3 26
d 5 5
d 3 27
d 3 28
d 2 27
d 3 29
d 3 30
d 3 31
d 3 32
d 2 28
d 5 6
d 3 33
d 3 34
d 4 50
d 3 35
d 4 51
d 3 36
d 4 52
d 3 37
d 4 53
d 5 7
d 3 38
d 4 54
d 4 55
d 5 8
d 5 9
d 2 29
d 5 10
d 5 11
d 2 30
d 5 12
d 5 13
d 2 31
d 4 56
d 2 32
d 5 14
d 2 33
d 4 57
d 2 34
d 5 15
d 4 58
d 2 35
d 5 16
d 5 17
d 4 59
d 2 36
d 5 18
d 4 60
d 4 61
d 2 37
d 4 62
d 4 63
d 2 38
d 4 64
d 4 65
d 2 39
d 4 66
d 4 67
d 4 68
d 4 69
d 4 70
d 2 40
d 2 41
d 4 71
d 4 72
d 4 73
d 4 74
d 4 75
d 3 39
d 4 76
d 4 77
d 3 40
d 4 78
d 5 19
d 3 41
d 4 79
d 3 42
d 5 20
d 4 80
d 3 43
d 5 21
d 4 81
d 3 44
d 5 22
d 4 82
d 3 45
d 5 23
d 4 83
d 3 46
d 4 84
d 5 24
d 3 47
d 4 85
d 5 25
d 4 86
d 5 26
d 4 87
d 3 48
d 4 88
d 5 27
d 3 49
d 4 89
d 5 28
d 4 90
d 5 29
d 3 50
d 4 91
d 5 30
d 3 51
d 4 92
d 3 52
d 5 31
d 4 93
d 3 53
d 5 32
d 4 94
d 3 54
d 5 33
d 4 95
d 3 55
d 5 34
d 3 56
d 5 35
d 3 57
d 5 36
d 4 96
d 3 58
d 5 37
d 4 97
d 3 59
d 5 38
d 4 98
d 3 60
d 5 39
d 4 99
d 3 61
d 5 40
d 4 100
d 3 62
d 5 41
d 4 101
d 3 63
d 5 42
d 4 102
d 3 64
d 5 43
d 4 103
d 3 65
d 4 104
d 5 44
d 3 66
d 4 105
d 5 45
d 4 106
d 3 67
d 5 46
d 4 107
d 3 68
d 5 47
d 4 108
d 3 69
d 4 109
d 3 70
d 4 110
d 5 48
d 3 71
d 4 111
d 3 72
d 4 112
d 3 73
d 4 113
d 3 74
d 4 114
d 3 75
d 4 115
d 3 76
d 4 116
d 3 77
d 4 117
d 3 78
d 3 79
d 4 118
d 3 80
d 4 119
d 5 49
d 3 81
d 4 120
d 3 82
d 4 121
d 3 83
d 4 122
d 3 84
d 4 123
d 3 85
d 4 124
d 5 50
d 3 86
d 2 42
d 4 125
d 3 87
d 4 126
d 3 88
d 2 43
d 3 89
d 5 51
d 2 44
d 3 90
d 3 91
d 5 52
d 3 92
d 2 45
d 5 53
d 3 93
d 5 54
d 3 94
d 2 46
d 5 55
d 3 95
d 2 47
d 5 56
d 5 57
d 3 96
d 5 58
d 2 48
d 3 97
d 5 59
d 2 49
d 3 98
d 5 60
d 2 50
d 3 99
d 5 61
d 2 51
d 3 100
d 5 62
d 2 52
d 3 101
d 2 53
d 5 63
d 3 102
d 2 54
d 3 103
d 5 64
d 2 55
d 3 104
d 5 65
d 2 56
d 5 66
d 3 105
d 2 57
d 5 67
d 3 106
d 2 58
d 5 68
d 3 107
d 2 59
d 5 69
d 2 60
d 3 108
d 5 70
d 2 61
d 3 109
d 5 71
d 2 62
d 3 110
d 5 72
d 2 63
d 5 73
d 3 111
d 3 112
d 5 74
d 2 64
d 5 75
d 3 113
d 2 65
d 3 114
d 5 76
d 2 66
d 3 115
d 5 77
d 2 67
d 3 116
d 5 78
d 2 68
d 3 117
d 5 79
d 2 69
d 5 80
d 2 70
d 3 118
d 5 81
d 2 71
d 3 119
d 5 82
d 2 72
d 3 120
d 4 127
d 5 83
d 2 73
d 3 121
d 2 74
d 5 84
d 3 122
d 4 128
d 2 75
d 5 85
d 3 123
d 4 129
d 2 76
d 5 86
d 3 124
d 4 130
d 2 77
d 5 87
d 2 78
d 4 131
d 5 88
d 3 125
d 4 132
d 2 79
d 5 89
d 3 126
d 2 80
d 4 133
d 5 90
d 2 81
d 3 127
d 4 134
d 5 91
d 2 82
d 4 135
d 5 92
d 2 83
d 4 136
d 5 93
d 2 84
d 4 137
d 5 94
d 4 138
d 2 85
d 5 95
d 4 139
d 2 86
d 4 140
d 2 87
d 4 141
d 2 88
d 4 142
d 2 89
d 5 96
d 4 143
d 2 90
d 5 97
d 4 144
d 2 91
d 5 98
d 4 145
d 2 92
d 4 146
d 5 99
d 2 93
d 4 147
d 5 100
d 2 94
d 4 148
d 5 101
d 2 95
d 4 149
d 5 102
d 4 150
d 4 151
d 5 103
d 4 152
d 2 96
d 5 104
d 4 153
d 2 97
d 4 154
d 5 105
d 2 98
d 4 155
d 5 106
d 4 156
d 2 99
d 5 107
d 4 157
d 2 100
d 5 108
d 2 101
d 4 158
d 5 109
d 4 159
d 2 102
d 5 110
d 4 160
d 2 103
d 5 111
d 4 161
d 2 104
d 5 112
d 4 162
d 2 105
d 5 113
d 4 163
d 2 106
d 5 114
d 4 164
d 2 107
d 5 115
d 4 165
d 2 108
d 5 116
d 4 166
d 2 109
d 5 117
d 4 167
d 2 110
d 4 168
d 5 118
d 2 111
d 4 169
d 5 119
d 4 170
d 2 112
d 5 120
d 4 171
d 2 113
d 5 121
d 4 172
d 2 114
d 5 122
d 4 173
d 2 115
d 4 174
d 5 123
d 2 116
d 4 175
d 5 124
d 2 117
d 4 176
d 2 118
d 5 125
d 4 177
d 2 119
d 4 178
d 5 126
d 2 120
d 4 179
d 5 127
d 4 180
d 2 121
d 4 181
d 2 122
d 3 128
d 5 128
d 4 182
d 2 123
d 4 183
d 5 129
d 4 184
d 2 124
d 5 130
d 4 185
d 5 131
d 4 186
d 2 125
d 3 129
d 4 187
d 5 132
d 2 126
d 4 188
d 4 189
d 4 190
d 3 130
d 4 191
d 3 131
d 3 132
d 4 192
d 4 193
d 4 194
d 4 195
d 3 133
d 4 196
d 5 133
d 2 127
d 4 197
d 5 134
d 4 198
d 5 135
d 4 199
d 3 134
d 4 200
d 5 136
d 2 128
d 5 137
d 2 129
d 5 138
d 2 130
d 3 135
d 5 139
d 2 131
d 5 140
d 2 132
d 5 141
d 2 133
d 3 136
d 5 142
d 2 134
d 2 135
d 5 143
d 3 137
d 5 144
d 2 136
d 5 145
d 2 137
d 5 146
d 2 138
d 2 139
d 5 147
d 3 138
d 2 140
d 5 148
d 2 141
d 5 149
d 2 142
d 3 139
d 5 150
d 2 143
d 5 151
d 2 144
d 5 152
d 2 145
d 3 140
d 5 153
d 2 146
d 5 154
d 2 147
d 5 155
d 2 148
d 5 156
d 3 141
d 2 149
d 5 157
d 2 150
d 5 158
d 2 151
d 5 159
d 2 152
d 3 142
d 5 160
d 2 153
d 2 154
d 5 161
d 2 155
d 5 162
d 3 143
d 2 156
d 5 163
d 2 157
d 5 164
d 2 158
d 2 159
d 5 165
d 3 144
d 2 160
d 5 166
d 2 161
d 5 167
d 2 162
d 5 168
d 3 145
d 2 163
d 5 169
d 2 164
d 5 170
d 2 165
d 5 171
d 3 146
d 2 166
d 5 172
d 2 167
d 5 173
d 2 168
d 5 174
d 2 169
d 3 147
d 5 175
d 2 170
d 3 148
d 5 176
d 2 171
d 2 172
d 5 177
d 2 173
d 2 174
d 3 149
d 5 178
d 2 175
d 5 179
d 2 176
d 5 180
d 2 177
d 5 181
d 3 150
d 2 178
d 5 182
d 2 179
d 5 183
d 2 180
d 5 184
d 3 151
d 2 181
d 5 185
d 2 182
d 5 186
d 2 183
d 5 187
d 3 152
d 2 184
d 5 188
d 2 185
d 5 189
d 2 186
d 5 190
d 3 153
d 2 187
d 5 191
d 2 188
d 2 189
d 3 154
d 2 190
d 2 191
d 3 155
d 5 192
d 5 193
d 5 194
d 3 156
d 5 195
d 5 196
d 5 197
d 3 157
d 5 198
d 5 199
d 5 200
d 3 158
d 3 159
d 2 192
d 3 160
d 2 193
d 3 161
d 2 194
d 2 195
d 2 196
d 2 197
d 3 162
d 2 198
d 2 199
d 2 200
d 3 163
d 3 164
d 3 165
d 3 166
d 3 167
d 3 168
d 3 169
d 3 170
d 3 171
d 3 172
d 3 173
d 3 174
d 3 175
d 3 176
d 3 177
d 3 178
d 3 179
d 3 180
d 3 181
d 3 182
d 3 183
d 3 184
d 3 185
d 3 186
d 3 187
d 3 188
d 3 189
d 3 190
d 3 191
d 3 192
d 3 193
d 3 194
d 3 195
d 3 196
d 3 197
d 3 198
d 3 199
d 3 200
