My PID: 86434

From another terminal type `kill -SIGINT 86434` or `kill -SIGTERM 86434` to stop processing packets

My ID: 1

List of resolved hosts is:
==========================
1
Human-readable IP: 127.0.0.1
Human-readable Port: 11001

2
Human-readable IP: 127.0.0.1
Human-readable Port: 11002

3
Human-readable IP: 127.0.0.1
Human-readable Port: 11003


Path to output:
===============
/Users/oscar/Documents/GitHub/CS451-2025-project/example/output/proc01.output

Path to config:
===============
../example/output/config

Doing some initialization...

Broadcasting and delivering messages...

[test] sending seq=1 to process 2
[test] sending seq=1 to process 3
[rx] ACK from 2 seq=1 (cleared pending)
[rx] ACK from 3 seq=1 (cleared pending)
[test] sending seq=2 to process 2
[test] sending seq=2 to process 3
[rx] ACK from 2 seq=2 (cleared pending)
[rx] ACK from 3 seq=2 (cleared pending)
[test] sending seq=3 to process 2
[test] sending seq=3 to process 3
[tx] retransmitted seq=3 to 3
[tx] retransmitted seq=3 to 2
[rx] ACK from 3 seq=3 (cleared pending)
[test] sending seq=4 to process 2
[rx] ACK from 2 seq=3 (cleared pending)
[tx] retransmitted seq=3 to 2
[test] sending seq=4 to process 3
[rx] ACK from 2 seq=4 (cleared pending)
[rx] ACK from 3 seq=4 (cleared pending)
[test] sending seq=5 to process 2
[test] sending seq=5 to process 3
[rx] ACK from 2 seq=5 (cleared pending)
[rx] ACK from 3 seq=5 (cleared pending)
Immediately stopping network packet processing.
Writing output.
