My PID: 86435

From another terminal type `kill -SIGINT 86435` or `kill -SIGTERM 86435` to stop processing packets

My ID: 2

List of resolved hosts is:
==========================
1
Human-readable IP: 127.0.0.1
Human-readable Port: 11001

2
Human-readable IP: 127.0.0.1
Human-readable Port: 11002

3
Human-readable IP: 127.0.0.1
Human-readable Port: 11003


Path to output:
===============
/Users/oscar/Documents/GitHub/CS451-2025-project/example/output/proc02.output

Path to config:
===============
../example/output/config

Doing some initialization...

Broadcasting and delivering messages...

[deliver] from 1 seq=1
[rx] delivered DATA from 1 seq=1
[deliver] from 1 seq=2
[rx] delivered DATA from 1 seq=2
[deliver] from 1 seq=3
[rx] delivered DATA from 1 seq=3
[deliver] from 1 seq=4
[rx] delivered DATA from 1 seq=4
[deliver] from 1 seq=5
[rx] delivered DATA from 1 seq=5
Immediately stopping network packet processing.
Writing output.
